Removed Pin From Net: NetName=S1+ Pin=A_test-1
Removed Pin From Net: NetName=S2+ Pin=A_test-2
Removed Pin From Net: NetName=S3+ Pin=A_test-3
Removed Pin From Net: NetName=S4+ Pin=A_test-4
Removed Pin From Net: NetName=S1- Pin=A_test-5
Removed Pin From Net: NetName=S2- Pin=A_test-6
Removed Pin From Net: NetName=S3- Pin=A_test-7
Removed Pin From Net: NetName=S4- Pin=A_test-8
Removed Pin From Net: NetName=GND Pin=A_test-9
Removed Pin From Net: NetName=GND Pin=A_test-10
Removed Pin From Net: NetName=GND Pin=A_test-11
Removed Pin From Net: NetName=GND Pin=A_test-12
Removed Pin From Net: NetName=GND Pin=A_test-13
Removed Pin From Net: NetName=GND Pin=A_test-14
Removed Pin From Net: NetName=GND Pin=A_test-15
Removed Pin From Net: NetName=GND Pin=A_test-16
Removed Member From Class: ClassName=SS_SECE_V2.0 Member=A_test
Added Component: Designator=P?(HDR2X10_CEN)
Add component. Clean all parameters for all variants
Add component (AddParameter): Name = "LatestRevisionDate"; Value = "17-Jul-2002"; VariantName = "[No Variations]"
Add component (AddParameter): Name = "LatestRevisionNote"; Value = "Re-released for DXP Platform."; VariantName = "[No Variations]"
Add component (AddParameter): Name = "Publisher"; Value = "Altium Limited"; VariantName = "[No Variations]"
Added Pin To Net: NetName=GND Pin=P?-1
Added Pin To Net: NetName=S1+ Pin=P?-2
Added Pin To Net: NetName=S2+ Pin=P?-3
Added Pin To Net: NetName=S3+ Pin=P?-4
Added Pin To Net: NetName=S4+ Pin=P?-5
Added Pin To Net: NetName=S1- Pin=P?-6
Added Pin To Net: NetName=S2- Pin=P?-7
Added Pin To Net: NetName=S3- Pin=P?-8
Added Pin To Net: NetName=S4- Pin=P?-9
Added Pin To Net: NetName=GND Pin=P?-10
Added Pin To Net: NetName=GND Pin=P?-11
Added Pin To Net: NetName=GND Pin=P?-12
Added Pin To Net: NetName=GND Pin=P?-13
Added Pin To Net: NetName=GND Pin=P?-14
Added Pin To Net: NetName=GND Pin=P?-15
Added Pin To Net: NetName=GND Pin=P?-16
Added Pin To Net: NetName=GND Pin=P?-17
Added Pin To Net: NetName=GND Pin=P?-18
Added Pin To Net: NetName=GND Pin=P?-19
Added Pin To Net: NetName=GND Pin=P?-20
Added Member To Class: ClassName=SS_SECE_V2.0 Member=Component P? Header 10X2A
Added Room: Name=SS_SECE_V2.0
