Removed Pin From Net: NetName=Load+ Pin=C5-2
Removed Pin From Net: NetName=S1+_S Pin=C6-1
Removed Pin From Net: NetName=Load+ Pin=D1-1
Removed Pin From Net: NetName=S1+_S Pin=D7-1
Removed Pin From Net: NetName=S1+_S Pin=D8-2
Removed Pin From Net: NetName=NetC5_1 Pin=D9-2
Removed Pin From Net: NetName=NetC5_1 Pin=D10-1
Removed Pin From Net: NetName=Load+ Pin=Load-1
Removed Pin From Net: NetName=S1+_S Pin=Q4-3
Removed Pin From Net: NetName=S1+_S Pin=Q7-3
Removed Pin From Net: NetName=S1+_S Pin=Q8-3
Removed Pin From Net: NetName=S1+_S Pin=R5-1
Removed Pin From Net: NetName=S2-_S Pin=R7-2
Removed Pin From Net: NetName=S2-_S Pin=R8-2
Removed Pin From Net: NetName=S1+_S Pin=R9-1
Removed Pin From Net: NetName=S1+_S Pin=R10-1
Removed Pin From Net: NetName=S1+_S Pin=R11-1
Removed Pin From Net: NetName=S1+_S Pin=T2-2
Removed Member From Class: ClassName=SS_SECE_V2.0 Member=D1
Removed Member From Class: ClassName=SS_SECE_V2.0 Member=D4
Added Component: Designator=R20(R0603)
Add component. Clean all parameters for all variants
Add component (AddParameter): Name = "BOM_Manufacturer Part"; Value = ""; VariantName = "[No Variations]"
Add component (AddParameter): Name = "BOM_Supplier"; Value = ""; VariantName = "[No Variations]"
Add component (AddParameter): Name = "BOM_Supplier Part"; Value = ""; VariantName = "[No Variations]"
Add component (AddParameter): Name = "Contributor"; Value = "LCEDA_Lib"; VariantName = "[No Variations]"
Add component (AddParameter): Name = "nameAlias"; Value = ""; VariantName = "[No Variations]"
Add component (AddParameter): Name = "spicePre"; Value = "R"; VariantName = "[No Variations]"
Add component (AddParameter): Name = "spiceSymbolName"; Value = "R_1206_US"; VariantName = "[No Variations]"
Added Component: Designator=R21(R0603)
Add component. Clean all parameters for all variants
Add component (AddParameter): Name = "BOM_Manufacturer Part"; Value = ""; VariantName = "[No Variations]"
Add component (AddParameter): Name = "BOM_Supplier"; Value = ""; VariantName = "[No Variations]"
Add component (AddParameter): Name = "BOM_Supplier Part"; Value = ""; VariantName = "[No Variations]"
Add component (AddParameter): Name = "Contributor"; Value = "LCEDA_Lib"; VariantName = "[No Variations]"
Add component (AddParameter): Name = "nameAlias"; Value = ""; VariantName = "[No Variations]"
Add component (AddParameter): Name = "spicePre"; Value = "R"; VariantName = "[No Variations]"
Add component (AddParameter): Name = "spiceSymbolName"; Value = "R_1206_US"; VariantName = "[No Variations]"
Added Component: Designator=R22(R0603)
Add component. Clean all parameters for all variants
Add component (AddParameter): Name = "BOM_Manufacturer Part"; Value = ""; VariantName = "[No Variations]"
Add component (AddParameter): Name = "BOM_Supplier"; Value = ""; VariantName = "[No Variations]"
Add component (AddParameter): Name = "BOM_Supplier Part"; Value = ""; VariantName = "[No Variations]"
Add component (AddParameter): Name = "Contributor"; Value = "LCEDA_Lib"; VariantName = "[No Variations]"
Add component (AddParameter): Name = "nameAlias"; Value = ""; VariantName = "[No Variations]"
Add component (AddParameter): Name = "spicePre"; Value = "R"; VariantName = "[No Variations]"
Add component (AddParameter): Name = "spiceSymbolName"; Value = "R_1206_US"; VariantName = "[No Variations]"
Added Component: Designator=T4(SOT 323)
Add component. Clean all parameters for all variants
Added Component: Designator=T5(SOT 323)
Add component. Clean all parameters for all variants
Added Pin To Net: NetName=Load+ Pin=D9-2
Added Pin To Net: NetName=Load+ Pin=D10-1
Added Pin To Net: NetName=Load+ Pin=Q3-2
Added Pin To Net: NetName=Load+ Pin=Q3-4
Added Pin To Net: NetName=S1+_S Pin=R3-1
Added Pin To Net: NetName=S1+_S Pin=R4-1
Added Pin To Net: NetName=S1+_S Pin=R7-1
Added Pin To Net: NetName=S1+_S Pin=R8-1
Added Pin To Net: NetName=NetC5_1 Pin=R8-2
Added Pin To Net: NetName=S1+_S Pin=R20-1
Added Pin To Net: NetName=Load+ Pin=T1-3
Added Pin To Net: NetName=S2-_S Pin=T2-1
Change Net Name : Old Net Name=Load+ New Net Name=PZT+
Added Pin To Net: NetName=Load+ Pin=C5-2
Added Pin To Net: NetName=Load+ Pin=Load-1
Added Pin To Net: NetName=Load+ Pin=Q7-3
Added Pin To Net: NetName=Load+ Pin=Q8-3
Added Pin To Net: NetName=Load+ Pin=R10-1
Added Pin To Net: NetName=Load+ Pin=R11-1
Added Net: Name=Load+
Added Pin To Net: NetName=NetC6_1 Pin=C6-1
Added Pin To Net: NetName=NetC6_1 Pin=R20-2
Added Net: Name=NetC6_1
Added Pin To Net: NetName=NetD7_1 Pin=D7-1
Added Pin To Net: NetName=NetD7_1 Pin=D8-2
Added Pin To Net: NetName=NetD7_1 Pin=R3-2
Added Pin To Net: NetName=NetD7_1 Pin=R9-1
Added Net: Name=NetD7_1
Added Pin To Net: NetName=NetQ4_2 Pin=Q4-2
Added Pin To Net: NetName=NetQ4_2 Pin=Q4-4
Added Pin To Net: NetName=NetQ4_2 Pin=T4-1
Added Net: Name=NetQ4_2
Added Pin To Net: NetName=NetR7_2 Pin=R7-2
Added Pin To Net: NetName=NetR7_2 Pin=T5-2
Added Pin To Net: NetName=NetR7_2 Pin=T5-3
Added Net: Name=NetR7_2
Added Pin To Net: NetName=NetR21_1 Pin=R21-1
Added Pin To Net: NetName=NetR21_1 Pin=T4-2
Added Pin To Net: NetName=NetR21_1 Pin=T4-3
Added Net: Name=NetR21_1
Added Pin To Net: NetName=NetR21_2 Pin=R21-2
Added Pin To Net: NetName=NetR21_2 Pin=T1-1
Added Net: Name=NetR21_2
Added Pin To Net: NetName=NetR22_1 Pin=R22-1
Added Pin To Net: NetName=NetR22_1 Pin=T5-1
Added Net: Name=NetR22_1
Added Pin To Net: NetName=NetR22_2 Pin=R22-2
Added Pin To Net: NetName=NetR22_2 Pin=T2-2
Added Pin To Net: NetName=NetR22_2 Pin=T2-3
Added Net: Name=NetR22_2
Added Pin To Net: NetName=S2+_S Pin=Q4-3
Added Pin To Net: NetName=S2+_S Pin=R4-2
Added Pin To Net: NetName=S2+_S Pin=R5-1
Added Net: Name=S2+_S
Added Member To Class: ClassName=SS_SECE_V2.0 Member=Component R20 0
Added Member To Class: ClassName=SS_SECE_V2.0 Member=Component R21 0
Added Member To Class: ClassName=SS_SECE_V2.0 Member=Component R22 0
Added Member To Class: ClassName=SS_SECE_V2.0 Member=Component T4 2SC4083
Added Member To Class: ClassName=SS_SECE_V2.0 Member=Component T5 2SC4083
Added Room: Name=SS_SECE_V2.0
